
  ___  ____  ____  ____  ____ (R)
 /__    /   ____/   /   ____/
___/   /   /___/   /   /___/   14.2   Copyright 1985-2015 StataCorp LLC
  Statistics/Data Analysis            StataCorp
                                      4905 Lakeway Drive
     MP - Parallel Edition            College Station, Texas 77845 USA
                                      800-STATA-PC        http://www.stata.com
                                      979-696-4600        stata@stata.com
                                      979-696-4601 (fax)

Single-user 8-core Stata perpetual license:
       Serial number:  10699393
         Licensed to:  Andrey
                       

Notes:
      1.  Stata is running in batch mode.
      2.  Unicode is supported; see help unicode_advice.
      3.  More than 2 billion observations are allowed; see help obs_advice.
      4.  Maximum number of variables is set to 5000; see help set_maxvar.

. do complete.do 

.         /*Set Common Input Lists {{{*/
.         local path_input E:\Works\TIMSS\Stata/

.         local dlist bcg bsg btm bts bst

.                 /*Set ID Input List{{{*/
.                 local bcgidlist idcntry idschool

.                 local bsgidlist idcntry idschool        idstud

.                 local btmidlist idcntry idschool                        idtea
> ch idlink

.                 local btsidlist idcntry idschool                        idtea
> ch idlink

.                 local bstidlist idcntry                         idstud  idtea
> ch idlink

.                 /*}}}*/
.                 /*Set Rename Vars list{{{*/
.                 local bcgrvlist comsiz

.                 local bsgrvlist ///
>                         sci01 sci02 sci03 sci04 sci05 ///
>                         mat01 mat02 mat03 mat04 mat05 ///
>                         stdlng stdbrn stdage stdsex ///
>                         hombok homcom ///
>                         mtredu ftredu paredu ///
>                         mtrbrn ftrbrn

.                 local btmrvlist tcmedu tcmage tcmsex clmsiz tcmyox 

.                 local btsrvlist tcsedu tcsage tcssex clssiz tcsyox 

.                 /*}}}*/
.                 /*Set Weight Vars list{{{*/
.                 local bcgwlist schwgt

.                 local bsgwlist totwgt houwgt senwgt

.                 local btmwlist

.                 local btswlist

.                 local bstwlist

.                 /*}}}*/
.         /*}}}*/
.         /*Set Input Lists for Wave 1(35 Countries){{{*/
.         local clist1 aus aut can col cyp csk dnk fra deu grc hkg hun isl irn 
> irl isr kor kwt lva ltu nld nzl nor prt rom rus sco sgp slv svn esp swe che t
> ha usa

.         local bcgvlist1 bcbgcomm

.         local bsgvlist1 ///
>                 bsspv01 bsspv02 bsspv03 bsspv04 bsspv05 ///
>                 bsmpv01 bsmpv02 bsmpv03 bsmpv04 bsmpv05 ///
>                 bsbglang bsbgbrn1 bsdage itsex ///
>                 bsbgbook bsbgps02 ///
>                 bsbgedum bsbgeduf bsdgedup ///
>                 bsbgbrnm bsbgbrnf

.         local btmvlist1 btbgeduc btbgage btbgsex btdcsize btbgtaug

.         local btsvlist1 btbgeduc btbgage btbgsex btdcsize btbgtaug

.         /*}}}*/
.         /*Set Input Lists for Wave 2(34 Countries){{{*/
.         local clist2 aus bgr can chl twn cyp cze fin hkg hun idn irn isr ita 
> jor kor lva ltu mkd mda mar mys nld nzl phl rom rus sgp svk svn tha tun tur u
> sa

.         local bcgvlist2 bcbgcomm

.         local bsgvlist2 ///
>                 bsssci01 bsssci02 bsssci03 bsssci04 bsssci05 ///
>                 bsmmat01 bsmmat02 bsmmat03 bsmmat04 bsmmat05 ///
>                 bsbglang bsbgbrn1 bsdage itsex ///
>                 bsbgbook bsbgps02 ///
>                 bsbgedmo bsbgedfa bsdgedup ///
>                 bsbgbrnm bsbgbrnf

.         local btmvlist2 btbgeduc btbgage btbgsex btdmsize btbgtaug

.         local btsvlist2 btbgeduc btbgage btbgsex btdssize btbgtaug

.         local bstvlist2 /*}}}*/

.         /*Set Input Lists for Wave 3(46 Countries){{{*/
.         local clist3 arm aus bhr bwa bgr chl twn cyp egy eng est gha hkg hun 
> idn irn isr ita jpn jor kor lva lbn ltu mkd mys mda mar nld nzl nor pse phl r
> om rus sau sco scg sgp svk svn zaf swe syr tun usa

.         local bcgvlist3 bcbgcomu

.         local bsgvlist3 ///
>                 bsssci01 bsssci02 bsssci03 bsssci04 bsssci05 ///
>                 bsmmat01 bsmmat02 bsmmat03 bsmmat04 bsmmat05 ///
>                 bsbgolan bsbgborn bsdage itsex ///
>                 bsbgbook bsbgps02 ///
>                 bsbgmfed bsbgfmed bsdgedup ///
>                 bsbgmbrn bsbgfbrn

.         local btmvlist3 btbgfedc btbgage btbgsex btbgtaut btdmstud 

.         local btsvlist3 btbgfedc btbgage btbgsex btbgtaut btdsstud

.         /*}}}*/
.         /*Set Input Lists for Wave 4(47 Countries + England and Scottland){{{
> */
.         local clist4 dza arm aus bhr bih bwa bgr twn col cyp cze egy eng slv 
> geo gha hkg hun idn irn isr ita jpn jor kor kwt lbn ltu mys mlt mng mar nor o
> mn pse qat rom rus sau sco scg sgp svn swe syr tha tun ukr usa

.         local bcgvlist4 bc4gcomu

.         local bsgvlist4 ///
>                 bsssci01 bsssci02 bsssci03 bsssci04 bsssci05  ///
>                 bsmmat01 bsmmat02 bsmmat03 bsmmat04 bsmmat05  ///
>                 bs4golan bs4gborn bsdage itsex ///
>                 bs4gbook bs4gth02 ///
>                 bs4gmfed bs4gfmed bsdgedup ///
>                 bs4gmbrn bs4gfbrn  

.         local btmvlist4 bt4gfedc bt4gage bt4gsex btdmstud bt4gtaut

.         local btsvlist4 bt4gfedc bt4gage bt4gsex btdsstud bt4gtaut

.         /*}}}*/
.         /*Set Input Lists for Wave 5(42 Countries){{{*/
.         local clist5 arm aus bhr chl twn eng fin geo gha hkg hun idn irn isr 
> ita jpn jor kaz kor lbn ltu mkd mys mar nzl nor omn pse qat rom rus sau sgp s
> vn swe syr tha tun tur ukr are usa

.         local bcgvlist5 bcbg05a

.         local bsgvlist5  ///
>                 bsssci01 bsssci02 bsssci03 bsssci04 bsssci05  ///
>                 bsmmat01 bsmmat02 bsmmat03 bsmmat04 bsmmat05  ///
>                 bsbg03 bsbg09a bsdage itsex ///
>                 bsbg04 bsbg05a  ///
>                 bsbg06a bsbg06b bsdgedup ///
>                 bsbg08a bsbg08b  

.         local btmvlist5 btbg04 btbg03 btbg02 btbg12 btbg01

.         local btsvlist5 btbg04 btbg03 btbg02 btbg12 btbg01

.         /*}}}*/
.         /*Set Input Lists for Wave 6(39 Countires){{{*/
.         local clist6 aus bhr bwa can chl twn egy eng geo hkg hun irn irl isr 
> ita jpn jor kaz kor kwt lbn ltu mys mlt mar nzl nor omn qat rus sau sgp svn z
> af swe tha tur are usa

.         local bcgvlist6 bcbg05a

.         local bsgvlist6  ///
>                 bsssci01 bsssci02 bsssci03 bsssci04 bsssci05  ///
>                 bsmmat01 bsmmat02 bsmmat03 bsmmat04 bsmmat05  ///
>                 bsbg03 bsbg10a bsdage itsex ///
>                 bsbg04 bsbg06a  ///
>                 bsbg07a bsbg07b bsdgedup ///
>                 bsbg09a bsbg09b  

.         local btmvlist6 btbg04 btbg03 btbg02 btbg12 btbg01

.         local btsvlist6 btbg04 btbg03 btbg02 btbg12 btbg01

.         /*}}}*/
. cd c:/timss/complete
c:\timss\complete

. set more off

. forvalue i=1/6{
  2.         foreach j of local dlist {
  3.                 foreach k of local clist`i' {
  4.                         use `path_input'`j'`k'm`i' , clear
  5.                         foreach l of varlist _all {
  6.                                 sum `l' , meanonly
  7.                                 if r(N) < c(N) {
  8.                                         drop `l'
  9.                                 }
 10.                         }
 11.                         rename _all , low
 12.                         drop id*
 13.                         save `j'`k'c`i', replace
 14.                 }
 15.         }
 16. }
file bcgausc1.dta saved
file bcgautc1.dta saved
file bcgcanc1.dta saved
file bcgcolc1.dta saved
file bcgcypc1.dta saved
file bcgcskc1.dta saved
file bcgdnkc1.dta saved
file bcgfrac1.dta saved
file bcgdeuc1.dta saved
file bcggrcc1.dta saved
file bcghkgc1.dta saved
file bcghunc1.dta saved
file bcgislc1.dta saved
file bcgirnc1.dta saved
file bcgirlc1.dta saved
file bcgisrc1.dta saved
file bcgkorc1.dta saved
file bcgkwtc1.dta saved
file bcglvac1.dta saved
file bcgltuc1.dta saved
file bcgnldc1.dta saved
file bcgnzlc1.dta saved
file bcgnorc1.dta saved
file bcgprtc1.dta saved
file bcgromc1.dta saved
file bcgrusc1.dta saved
file bcgscoc1.dta saved
file bcgsgpc1.dta saved
file bcgslvc1.dta saved
file bcgsvnc1.dta saved
file bcgespc1.dta saved
file bcgswec1.dta saved
file bcgchec1.dta saved
file bcgthac1.dta saved
file bcgusac1.dta saved
file bsgausc1.dta saved
file bsgautc1.dta saved
file bsgcanc1.dta saved
file bsgcolc1.dta saved
file bsgcypc1.dta saved
file bsgcskc1.dta saved
file bsgdnkc1.dta saved
file bsgfrac1.dta saved
file bsgdeuc1.dta saved
file bsggrcc1.dta saved
file bsghkgc1.dta saved
file bsghunc1.dta saved
file bsgislc1.dta saved
file bsgirnc1.dta saved
file bsgirlc1.dta saved
file bsgisrc1.dta saved
file bsgkorc1.dta saved
file bsgkwtc1.dta saved
file bsglvac1.dta saved
file bsgltuc1.dta saved
file bsgnldc1.dta saved
file bsgnzlc1.dta saved
file bsgnorc1.dta saved
file bsgprtc1.dta saved
file bsgromc1.dta saved
file bsgrusc1.dta saved
file bsgscoc1.dta saved
file bsgsgpc1.dta saved
file bsgslvc1.dta saved
file bsgsvnc1.dta saved
file bsgespc1.dta saved
file bsgswec1.dta saved
file bsgchec1.dta saved
file bsgthac1.dta saved
file bsgusac1.dta saved
file btmausc1.dta saved
file btmautc1.dta saved
file btmcanc1.dta saved
file btmcolc1.dta saved
file btmcypc1.dta saved
file btmcskc1.dta saved
file btmdnkc1.dta saved
file btmfrac1.dta saved
file btmdeuc1.dta saved
file btmgrcc1.dta saved
file btmhkgc1.dta saved
file btmhunc1.dta saved
file btmislc1.dta saved
file btmirnc1.dta saved
file btmirlc1.dta saved
file btmisrc1.dta saved
file btmkorc1.dta saved
file btmkwtc1.dta saved
file btmlvac1.dta saved
file btmltuc1.dta saved
file btmnldc1.dta saved
file btmnzlc1.dta saved
file btmnorc1.dta saved
file btmprtc1.dta saved
file btmromc1.dta saved
file btmrusc1.dta saved
file btmscoc1.dta saved
file btmsgpc1.dta saved
file btmslvc1.dta saved
file btmsvnc1.dta saved
file btmespc1.dta saved
file btmswec1.dta saved
file btmchec1.dta saved
file btmthac1.dta saved
file btmusac1.dta saved
file btsausc1.dta saved
file btsautc1.dta saved
file btscanc1.dta saved
file btscolc1.dta saved
file btscypc1.dta saved
file btscskc1.dta saved
file btsdnkc1.dta saved
file btsfrac1.dta saved
file btsdeuc1.dta saved
file btsgrcc1.dta saved
file btshkgc1.dta saved
file btshunc1.dta saved
file btsislc1.dta saved
file btsirnc1.dta saved
file btsirlc1.dta saved
file btsisrc1.dta saved
file btskorc1.dta saved
file btskwtc1.dta saved
file btslvac1.dta saved
file btsltuc1.dta saved
file btsnldc1.dta saved
file btsnzlc1.dta saved
file btsnorc1.dta saved
file btsprtc1.dta saved
file btsromc1.dta saved
file btsrusc1.dta saved
file btsscoc1.dta saved
file btssgpc1.dta saved
file btsslvc1.dta saved
file btssvnc1.dta saved
file btsespc1.dta saved
file btsswec1.dta saved
file btschec1.dta saved
file btsthac1.dta saved
file btsusac1.dta saved
file bstausc1.dta saved
file bstautc1.dta saved
file bstcanc1.dta saved
file bstcolc1.dta saved
file bstcypc1.dta saved
file bstcskc1.dta saved
file bstdnkc1.dta saved
file bstfrac1.dta saved
file bstdeuc1.dta saved
file bstgrcc1.dta saved
file bsthkgc1.dta saved
file bsthunc1.dta saved
file bstislc1.dta saved
file bstirnc1.dta saved
file bstirlc1.dta saved
file bstisrc1.dta saved
file bstkorc1.dta saved
file bstkwtc1.dta saved
file bstlvac1.dta saved
file bstltuc1.dta saved
file bstnldc1.dta saved
file bstnzlc1.dta saved
file bstnorc1.dta saved
file bstprtc1.dta saved
file bstromc1.dta saved
file bstrusc1.dta saved
file bstscoc1.dta saved
file bstsgpc1.dta saved
file bstslvc1.dta saved
file bstsvnc1.dta saved
file bstespc1.dta saved
file bstswec1.dta saved
file bstchec1.dta saved
file bstthac1.dta saved
file bstusac1.dta saved
file bcgausc2.dta saved
file bcgbgrc2.dta saved
file bcgcanc2.dta saved
file bcgchlc2.dta saved
file bcgtwnc2.dta saved
file bcgcypc2.dta saved
file bcgczec2.dta saved
file bcgfinc2.dta saved
file bcghkgc2.dta saved
file bcghunc2.dta saved
file bcgidnc2.dta saved
file bcgirnc2.dta saved
file bcgisrc2.dta saved
file bcgitac2.dta saved
file bcgjorc2.dta saved
file bcgkorc2.dta saved
file bcglvac2.dta saved
file bcgltuc2.dta saved
file bcgmkdc2.dta saved
file bcgmdac2.dta saved
file bcgmarc2.dta saved
file bcgmysc2.dta saved
file bcgnldc2.dta saved
file bcgnzlc2.dta saved
file bcgphlc2.dta saved
file bcgromc2.dta saved
file bcgrusc2.dta saved
file bcgsgpc2.dta saved
file bcgsvkc2.dta saved
file bcgsvnc2.dta saved
file bcgthac2.dta saved
file bcgtunc2.dta saved
file bcgturc2.dta saved
file bcgusac2.dta saved
file bsgausc2.dta saved
file bsgbgrc2.dta saved
file bsgcanc2.dta saved
file bsgchlc2.dta saved
file bsgtwnc2.dta saved
file bsgcypc2.dta saved
file bsgczec2.dta saved
file bsgfinc2.dta saved
file bsghkgc2.dta saved
file bsghunc2.dta saved
file bsgidnc2.dta saved
file bsgirnc2.dta saved
file bsgisrc2.dta saved
file bsgitac2.dta saved
file bsgjorc2.dta saved
file bsgkorc2.dta saved
file bsglvac2.dta saved
file bsgltuc2.dta saved
file bsgmkdc2.dta saved
file bsgmdac2.dta saved
file bsgmarc2.dta saved
file bsgmysc2.dta saved
file bsgnldc2.dta saved
file bsgnzlc2.dta saved
file bsgphlc2.dta saved
file bsgromc2.dta saved
file bsgrusc2.dta saved
file bsgsgpc2.dta saved
file bsgsvkc2.dta saved
file bsgsvnc2.dta saved
file bsgthac2.dta saved
file bsgtunc2.dta saved
file bsgturc2.dta saved
file bsgusac2.dta saved
file btmausc2.dta saved
file btmbgrc2.dta saved
file btmcanc2.dta saved
file btmchlc2.dta saved
file btmtwnc2.dta saved
file btmcypc2.dta saved
file btmczec2.dta saved
file btmfinc2.dta saved
file btmhkgc2.dta saved
file btmhunc2.dta saved
file btmidnc2.dta saved
file btmirnc2.dta saved
file btmisrc2.dta saved
file btmitac2.dta saved
file btmjorc2.dta saved
file btmkorc2.dta saved
file btmlvac2.dta saved
file btmltuc2.dta saved
file btmmkdc2.dta saved
file btmmdac2.dta saved
file btmmarc2.dta saved
file btmmysc2.dta saved
file btmnldc2.dta saved
file btmnzlc2.dta saved
file btmphlc2.dta saved
file btmromc2.dta saved
file btmrusc2.dta saved
file btmsgpc2.dta saved
file btmsvkc2.dta saved
file btmsvnc2.dta saved
file btmthac2.dta saved
file btmtunc2.dta saved
file btmturc2.dta saved
file btmusac2.dta saved
file btsausc2.dta saved
file btsbgrc2.dta saved
file btscanc2.dta saved
file btschlc2.dta saved
file btstwnc2.dta saved
file btscypc2.dta saved
file btsczec2.dta saved
file btsfinc2.dta saved
file btshkgc2.dta saved
file btshunc2.dta saved
file btsidnc2.dta saved
file btsirnc2.dta saved
file btsisrc2.dta saved
file btsitac2.dta saved
file btsjorc2.dta saved
file btskorc2.dta saved
file btslvac2.dta saved
file btsltuc2.dta saved
file btsmkdc2.dta saved
file btsmdac2.dta saved
file btsmarc2.dta saved
file btsmysc2.dta saved
file btsnldc2.dta saved
file btsnzlc2.dta saved
file btsphlc2.dta saved
file btsromc2.dta saved
file btsrusc2.dta saved
file btssgpc2.dta saved
file btssvkc2.dta saved
file btssvnc2.dta saved
file btsthac2.dta saved
file btstunc2.dta saved
file btsturc2.dta saved
file btsusac2.dta saved
file bstausc2.dta saved
file bstbgrc2.dta saved
file bstcanc2.dta saved
file bstchlc2.dta saved
file bsttwnc2.dta saved
file bstcypc2.dta saved
file bstczec2.dta saved
file bstfinc2.dta saved
file bsthkgc2.dta saved
file bsthunc2.dta saved
file bstidnc2.dta saved
file bstirnc2.dta saved
file bstisrc2.dta saved
file bstitac2.dta saved
file bstjorc2.dta saved
file bstkorc2.dta saved
file bstlvac2.dta saved
file bstltuc2.dta saved
file bstmkdc2.dta saved
file bstmdac2.dta saved
file bstmarc2.dta saved
file bstmysc2.dta saved
file bstnldc2.dta saved
file bstnzlc2.dta saved
file bstphlc2.dta saved
file bstromc2.dta saved
file bstrusc2.dta saved
file bstsgpc2.dta saved
file bstsvkc2.dta saved
file bstsvnc2.dta saved
file bstthac2.dta saved
file bsttunc2.dta saved
file bstturc2.dta saved
file bstusac2.dta saved
  (all newnames==oldnames)
file bcgarmc3.dta saved
  (all newnames==oldnames)
file bcgausc3.dta saved
  (all newnames==oldnames)
file bcgbhrc3.dta saved
  (all newnames==oldnames)
file bcgbwac3.dta saved
  (all newnames==oldnames)
file bcgbgrc3.dta saved
  (all newnames==oldnames)
file bcgchlc3.dta saved
  (all newnames==oldnames)
file bcgtwnc3.dta saved
  (all newnames==oldnames)
file bcgcypc3.dta saved
  (all newnames==oldnames)
file bcgegyc3.dta saved
  (all newnames==oldnames)
file bcgengc3.dta saved
  (all newnames==oldnames)
file bcgestc3.dta saved
  (all newnames==oldnames)
file bcgghac3.dta saved
  (all newnames==oldnames)
file bcghkgc3.dta saved
  (all newnames==oldnames)
file bcghunc3.dta saved
  (all newnames==oldnames)
file bcgidnc3.dta saved
  (all newnames==oldnames)
file bcgirnc3.dta saved
  (all newnames==oldnames)
file bcgisrc3.dta saved
  (all newnames==oldnames)
file bcgitac3.dta saved
  (all newnames==oldnames)
file bcgjpnc3.dta saved
  (all newnames==oldnames)
file bcgjorc3.dta saved
  (all newnames==oldnames)
file bcgkorc3.dta saved
  (all newnames==oldnames)
file bcglvac3.dta saved
  (all newnames==oldnames)
file bcglbnc3.dta saved
  (all newnames==oldnames)
file bcgltuc3.dta saved
  (all newnames==oldnames)
file bcgmkdc3.dta saved
  (all newnames==oldnames)
file bcgmysc3.dta saved
  (all newnames==oldnames)
file bcgmdac3.dta saved
  (all newnames==oldnames)
file bcgmarc3.dta saved
  (all newnames==oldnames)
file bcgnldc3.dta saved
  (all newnames==oldnames)
file bcgnzlc3.dta saved
  (all newnames==oldnames)
file bcgnorc3.dta saved
  (all newnames==oldnames)
file bcgpsec3.dta saved
  (all newnames==oldnames)
file bcgphlc3.dta saved
  (all newnames==oldnames)
file bcgromc3.dta saved
  (all newnames==oldnames)
file bcgrusc3.dta saved
  (all newnames==oldnames)
file bcgsauc3.dta saved
  (all newnames==oldnames)
file bcgscoc3.dta saved
  (all newnames==oldnames)
file bcgscgc3.dta saved
  (all newnames==oldnames)
file bcgsgpc3.dta saved
  (all newnames==oldnames)
file bcgsvkc3.dta saved
  (all newnames==oldnames)
file bcgsvnc3.dta saved
  (all newnames==oldnames)
file bcgzafc3.dta saved
  (all newnames==oldnames)
file bcgswec3.dta saved
  (all newnames==oldnames)
file bcgsyrc3.dta saved
  (all newnames==oldnames)
file bcgtunc3.dta saved
  (all newnames==oldnames)
file bcgusac3.dta saved
  (all newnames==oldnames)
file bsgarmc3.dta saved
  (all newnames==oldnames)
file bsgausc3.dta saved
  (all newnames==oldnames)
file bsgbhrc3.dta saved
  (all newnames==oldnames)
file bsgbwac3.dta saved
  (all newnames==oldnames)
file bsgbgrc3.dta saved
  (all newnames==oldnames)
file bsgchlc3.dta saved
  (all newnames==oldnames)
file bsgtwnc3.dta saved
  (all newnames==oldnames)
file bsgcypc3.dta saved
  (all newnames==oldnames)
file bsgegyc3.dta saved
  (all newnames==oldnames)
file bsgengc3.dta saved
  (all newnames==oldnames)
file bsgestc3.dta saved
  (all newnames==oldnames)
file bsgghac3.dta saved
  (all newnames==oldnames)
file bsghkgc3.dta saved
  (all newnames==oldnames)
file bsghunc3.dta saved
  (all newnames==oldnames)
file bsgidnc3.dta saved
  (all newnames==oldnames)
file bsgirnc3.dta saved
  (all newnames==oldnames)
file bsgisrc3.dta saved
  (all newnames==oldnames)
file bsgitac3.dta saved
  (all newnames==oldnames)
file bsgjpnc3.dta saved
  (all newnames==oldnames)
file bsgjorc3.dta saved
  (all newnames==oldnames)
file bsgkorc3.dta saved
  (all newnames==oldnames)
file bsglvac3.dta saved
  (all newnames==oldnames)
file bsglbnc3.dta saved
  (all newnames==oldnames)
file bsgltuc3.dta saved
  (all newnames==oldnames)
file bsgmkdc3.dta saved
  (all newnames==oldnames)
file bsgmysc3.dta saved
  (all newnames==oldnames)
file bsgmdac3.dta saved
  (all newnames==oldnames)
file bsgmarc3.dta saved
  (all newnames==oldnames)
file bsgnldc3.dta saved
  (all newnames==oldnames)
file bsgnzlc3.dta saved
  (all newnames==oldnames)
file bsgnorc3.dta saved
  (all newnames==oldnames)
file bsgpsec3.dta saved
  (all newnames==oldnames)
file bsgphlc3.dta saved
  (all newnames==oldnames)
file bsgromc3.dta saved
  (all newnames==oldnames)
file bsgrusc3.dta saved
  (all newnames==oldnames)
file bsgsauc3.dta saved
  (all newnames==oldnames)
file bsgscoc3.dta saved
  (all newnames==oldnames)
file bsgscgc3.dta saved
  (all newnames==oldnames)
file bsgsgpc3.dta saved
  (all newnames==oldnames)
file bsgsvkc3.dta saved
  (all newnames==oldnames)
file bsgsvnc3.dta saved
  (all newnames==oldnames)
file bsgzafc3.dta saved
  (all newnames==oldnames)
file bsgswec3.dta saved
  (all newnames==oldnames)
file bsgsyrc3.dta saved
  (all newnames==oldnames)
file bsgtunc3.dta saved
file bsgusac3.dta saved
  (all newnames==oldnames)
file btmarmc3.dta saved
  (all newnames==oldnames)
file btmausc3.dta saved
  (all newnames==oldnames)
file btmbhrc3.dta saved
  (all newnames==oldnames)
file btmbwac3.dta saved
  (all newnames==oldnames)
file btmbgrc3.dta saved
  (all newnames==oldnames)
file btmchlc3.dta saved
  (all newnames==oldnames)
file btmtwnc3.dta saved
  (all newnames==oldnames)
file btmcypc3.dta saved
  (all newnames==oldnames)
file btmegyc3.dta saved
  (all newnames==oldnames)
file btmengc3.dta saved
  (all newnames==oldnames)
file btmestc3.dta saved
  (all newnames==oldnames)
file btmghac3.dta saved
  (all newnames==oldnames)
file btmhkgc3.dta saved
  (all newnames==oldnames)
file btmhunc3.dta saved
  (all newnames==oldnames)
file btmidnc3.dta saved
  (all newnames==oldnames)
file btmirnc3.dta saved
  (all newnames==oldnames)
file btmisrc3.dta saved
  (all newnames==oldnames)
file btmitac3.dta saved
  (all newnames==oldnames)
file btmjpnc3.dta saved
  (all newnames==oldnames)
file btmjorc3.dta saved
  (all newnames==oldnames)
file btmkorc3.dta saved
  (all newnames==oldnames)
file btmlvac3.dta saved
  (all newnames==oldnames)
file btmlbnc3.dta saved
  (all newnames==oldnames)
file btmltuc3.dta saved
  (all newnames==oldnames)
file btmmkdc3.dta saved
  (all newnames==oldnames)
file btmmysc3.dta saved
  (all newnames==oldnames)
file btmmdac3.dta saved
  (all newnames==oldnames)
file btmmarc3.dta saved
  (all newnames==oldnames)
file btmnldc3.dta saved
  (all newnames==oldnames)
file btmnzlc3.dta saved
  (all newnames==oldnames)
file btmnorc3.dta saved
  (all newnames==oldnames)
file btmpsec3.dta saved
  (all newnames==oldnames)
file btmphlc3.dta saved
  (all newnames==oldnames)
file btmromc3.dta saved
  (all newnames==oldnames)
file btmrusc3.dta saved
  (all newnames==oldnames)
file btmsauc3.dta saved
  (all newnames==oldnames)
file btmscoc3.dta saved
  (all newnames==oldnames)
file btmscgc3.dta saved
  (all newnames==oldnames)
file btmsgpc3.dta saved
  (all newnames==oldnames)
file btmsvkc3.dta saved
  (all newnames==oldnames)
file btmsvnc3.dta saved
  (all newnames==oldnames)
file btmzafc3.dta saved
  (all newnames==oldnames)
file btmswec3.dta saved
  (all newnames==oldnames)
file btmsyrc3.dta saved
  (all newnames==oldnames)
file btmtunc3.dta saved
  (all newnames==oldnames)
file btmusac3.dta saved
  (all newnames==oldnames)
file btsarmc3.dta saved
  (all newnames==oldnames)
file btsausc3.dta saved
  (all newnames==oldnames)
file btsbhrc3.dta saved
  (all newnames==oldnames)
file btsbwac3.dta saved
  (all newnames==oldnames)
file btsbgrc3.dta saved
  (all newnames==oldnames)
file btschlc3.dta saved
  (all newnames==oldnames)
file btstwnc3.dta saved
  (all newnames==oldnames)
file btscypc3.dta saved
  (all newnames==oldnames)
file btsegyc3.dta saved
  (all newnames==oldnames)
file btsengc3.dta saved
  (all newnames==oldnames)
file btsestc3.dta saved
  (all newnames==oldnames)
file btsghac3.dta saved
  (all newnames==oldnames)
file btshkgc3.dta saved
  (all newnames==oldnames)
file btshunc3.dta saved
  (all newnames==oldnames)
file btsidnc3.dta saved
  (all newnames==oldnames)
file btsirnc3.dta saved
  (all newnames==oldnames)
file btsisrc3.dta saved
  (all newnames==oldnames)
file btsitac3.dta saved
  (all newnames==oldnames)
file btsjpnc3.dta saved
  (all newnames==oldnames)
file btsjorc3.dta saved
  (all newnames==oldnames)
file btskorc3.dta saved
  (all newnames==oldnames)
file btslvac3.dta saved
  (all newnames==oldnames)
file btslbnc3.dta saved
  (all newnames==oldnames)
file btsltuc3.dta saved
  (all newnames==oldnames)
file btsmkdc3.dta saved
  (all newnames==oldnames)
file btsmysc3.dta saved
  (all newnames==oldnames)
file btsmdac3.dta saved
  (all newnames==oldnames)
file btsmarc3.dta saved
  (all newnames==oldnames)
file btsnldc3.dta saved
  (all newnames==oldnames)
file btsnzlc3.dta saved
  (all newnames==oldnames)
file btsnorc3.dta saved
  (all newnames==oldnames)
file btspsec3.dta saved
  (all newnames==oldnames)
file btsphlc3.dta saved
  (all newnames==oldnames)
file btsromc3.dta saved
  (all newnames==oldnames)
file btsrusc3.dta saved
  (all newnames==oldnames)
file btssauc3.dta saved
  (all newnames==oldnames)
file btsscoc3.dta saved
  (all newnames==oldnames)
file btsscgc3.dta saved
  (all newnames==oldnames)
file btssgpc3.dta saved
  (all newnames==oldnames)
file btssvkc3.dta saved
  (all newnames==oldnames)
file btssvnc3.dta saved
  (all newnames==oldnames)
file btszafc3.dta saved
  (all newnames==oldnames)
file btsswec3.dta saved
  (all newnames==oldnames)
file btssyrc3.dta saved
  (all newnames==oldnames)
file btstunc3.dta saved
  (all newnames==oldnames)
file btsusac3.dta saved
  (all newnames==oldnames)
file bstarmc3.dta saved
  (all newnames==oldnames)
file bstausc3.dta saved
  (all newnames==oldnames)
file bstbhrc3.dta saved
  (all newnames==oldnames)
file bstbwac3.dta saved
  (all newnames==oldnames)
file bstbgrc3.dta saved
  (all newnames==oldnames)
file bstchlc3.dta saved
  (all newnames==oldnames)
file bsttwnc3.dta saved
  (all newnames==oldnames)
file bstcypc3.dta saved
  (all newnames==oldnames)
file bstegyc3.dta saved
  (all newnames==oldnames)
file bstengc3.dta saved
  (all newnames==oldnames)
file bstestc3.dta saved
  (all newnames==oldnames)
file bstghac3.dta saved
  (all newnames==oldnames)
file bsthkgc3.dta saved
  (all newnames==oldnames)
file bsthunc3.dta saved
  (all newnames==oldnames)
file bstidnc3.dta saved
  (all newnames==oldnames)
file bstirnc3.dta saved
  (all newnames==oldnames)
file bstisrc3.dta saved
  (all newnames==oldnames)
file bstitac3.dta saved
  (all newnames==oldnames)
file bstjpnc3.dta saved
  (all newnames==oldnames)
file bstjorc3.dta saved
  (all newnames==oldnames)
file bstkorc3.dta saved
  (all newnames==oldnames)
file bstlvac3.dta saved
  (all newnames==oldnames)
file bstlbnc3.dta saved
  (all newnames==oldnames)
file bstltuc3.dta saved
  (all newnames==oldnames)
file bstmkdc3.dta saved
  (all newnames==oldnames)
file bstmysc3.dta saved
  (all newnames==oldnames)
file bstmdac3.dta saved
  (all newnames==oldnames)
file bstmarc3.dta saved
  (all newnames==oldnames)
file bstnldc3.dta saved
  (all newnames==oldnames)
file bstnzlc3.dta saved
  (all newnames==oldnames)
file bstnorc3.dta saved
  (all newnames==oldnames)
file bstpsec3.dta saved
  (all newnames==oldnames)
file bstphlc3.dta saved
  (all newnames==oldnames)
file bstromc3.dta saved
  (all newnames==oldnames)
file bstrusc3.dta saved
  (all newnames==oldnames)
file bstsauc3.dta saved
  (all newnames==oldnames)
file bstscoc3.dta saved
  (all newnames==oldnames)
file bstscgc3.dta saved
  (all newnames==oldnames)
file bstsgpc3.dta saved
  (all newnames==oldnames)
file bstsvkc3.dta saved
  (all newnames==oldnames)
file bstsvnc3.dta saved
  (all newnames==oldnames)
file bstzafc3.dta saved
  (all newnames==oldnames)
file bstswec3.dta saved
  (all newnames==oldnames)
file bstsyrc3.dta saved
  (all newnames==oldnames)
file bsttunc3.dta saved
  (all newnames==oldnames)
file bstusac3.dta saved
file bcgdzac4.dta saved
file bcgarmc4.dta saved
file bcgausc4.dta saved
file bcgbhrc4.dta saved
file bcgbihc4.dta saved
file bcgbwac4.dta saved
file bcgbgrc4.dta saved
file bcgtwnc4.dta saved
file bcgcolc4.dta saved
file bcgcypc4.dta saved
file bcgczec4.dta saved
file bcgegyc4.dta saved
file bcgengc4.dta saved
file bcgslvc4.dta saved
file bcggeoc4.dta saved
file bcgghac4.dta saved
file bcghkgc4.dta saved
file bcghunc4.dta saved
file bcgidnc4.dta saved
file bcgirnc4.dta saved
file bcgisrc4.dta saved
file bcgitac4.dta saved
file bcgjpnc4.dta saved
file bcgjorc4.dta saved
file bcgkorc4.dta saved
file bcgkwtc4.dta saved
file bcglbnc4.dta saved
file bcgltuc4.dta saved
file bcgmysc4.dta saved
file bcgmltc4.dta saved
file bcgmngc4.dta saved
file bcgmarc4.dta saved
file bcgnorc4.dta saved
file bcgomnc4.dta saved
file bcgpsec4.dta saved
file bcgqatc4.dta saved
file bcgromc4.dta saved
file bcgrusc4.dta saved
file bcgsauc4.dta saved
file bcgscoc4.dta saved
file bcgscgc4.dta saved
file bcgsgpc4.dta saved
file bcgsvnc4.dta saved
file bcgswec4.dta saved
file bcgsyrc4.dta saved
file bcgthac4.dta saved
file bcgtunc4.dta saved
file bcgukrc4.dta saved
file bcgusac4.dta saved
file bsgdzac4.dta saved
file bsgarmc4.dta saved
file bsgausc4.dta saved
file bsgbhrc4.dta saved
file bsgbihc4.dta saved
file bsgbwac4.dta saved
file bsgbgrc4.dta saved
file bsgtwnc4.dta saved
file bsgcolc4.dta saved
file bsgcypc4.dta saved
file bsgczec4.dta saved
file bsgegyc4.dta saved
file bsgengc4.dta saved
file bsgslvc4.dta saved
file bsggeoc4.dta saved
file bsgghac4.dta saved
file bsghkgc4.dta saved
file bsghunc4.dta saved
file bsgidnc4.dta saved
file bsgirnc4.dta saved
file bsgisrc4.dta saved
file bsgitac4.dta saved
file bsgjpnc4.dta saved
file bsgjorc4.dta saved
file bsgkorc4.dta saved
file bsgkwtc4.dta saved
file bsglbnc4.dta saved
file bsgltuc4.dta saved
file bsgmysc4.dta saved
file bsgmltc4.dta saved
file bsgmngc4.dta saved
file bsgmarc4.dta saved
file bsgnorc4.dta saved
file bsgomnc4.dta saved
file bsgpsec4.dta saved
file bsgqatc4.dta saved
file bsgromc4.dta saved
file bsgrusc4.dta saved
file bsgsauc4.dta saved
file bsgscoc4.dta saved
file bsgscgc4.dta saved
file bsgsgpc4.dta saved
file bsgsvnc4.dta saved
file bsgswec4.dta saved
file bsgsyrc4.dta saved
file bsgthac4.dta saved
file bsgtunc4.dta saved
file bsgukrc4.dta saved
file bsgusac4.dta saved
file btmdzac4.dta saved
file btmarmc4.dta saved
file btmausc4.dta saved
file btmbhrc4.dta saved
file btmbihc4.dta saved
file btmbwac4.dta saved
file btmbgrc4.dta saved
file btmtwnc4.dta saved
file btmcolc4.dta saved
file btmcypc4.dta saved
file btmczec4.dta saved
file btmegyc4.dta saved
file btmengc4.dta saved
file btmslvc4.dta saved
file btmgeoc4.dta saved
file btmghac4.dta saved
file btmhkgc4.dta saved
file btmhunc4.dta saved
file btmidnc4.dta saved
file btmirnc4.dta saved
file btmisrc4.dta saved
file btmitac4.dta saved
file btmjpnc4.dta saved
file btmjorc4.dta saved
file btmkorc4.dta saved
file btmkwtc4.dta saved
file btmlbnc4.dta saved
file btmltuc4.dta saved
file btmmysc4.dta saved
file btmmltc4.dta saved
file btmmngc4.dta saved
file btmmarc4.dta saved
file btmnorc4.dta saved
file btmomnc4.dta saved
file btmpsec4.dta saved
file btmqatc4.dta saved
file btmromc4.dta saved
file btmrusc4.dta saved
file btmsauc4.dta saved
file btmscoc4.dta saved
file btmscgc4.dta saved
file btmsgpc4.dta saved
file btmsvnc4.dta saved
file btmswec4.dta saved
file btmsyrc4.dta saved
file btmthac4.dta saved
file btmtunc4.dta saved
file btmukrc4.dta saved
file btmusac4.dta saved
file btsdzac4.dta saved
file btsarmc4.dta saved
file btsausc4.dta saved
file btsbhrc4.dta saved
file btsbihc4.dta saved
file btsbwac4.dta saved
file btsbgrc4.dta saved
file btstwnc4.dta saved
file btscolc4.dta saved
file btscypc4.dta saved
file btsczec4.dta saved
file btsegyc4.dta saved
file btsengc4.dta saved
file btsslvc4.dta saved
file btsgeoc4.dta saved
file btsghac4.dta saved
file btshkgc4.dta saved
file btshunc4.dta saved
file btsidnc4.dta saved
file btsirnc4.dta saved
file btsisrc4.dta saved
file btsitac4.dta saved
file btsjpnc4.dta saved
file btsjorc4.dta saved
file btskorc4.dta saved
file btskwtc4.dta saved
file btslbnc4.dta saved
file btsltuc4.dta saved
file btsmysc4.dta saved
file btsmltc4.dta saved
file btsmngc4.dta saved
file btsmarc4.dta saved
file btsnorc4.dta saved
file btsomnc4.dta saved
file btspsec4.dta saved
file btsqatc4.dta saved
file btsromc4.dta saved
file btsrusc4.dta saved
file btssauc4.dta saved
file btsscoc4.dta saved
file btsscgc4.dta saved
file btssgpc4.dta saved
file btssvnc4.dta saved
file btsswec4.dta saved
file btssyrc4.dta saved
file btsthac4.dta saved
file btstunc4.dta saved
file btsukrc4.dta saved
file btsusac4.dta saved
file bstdzac4.dta saved
file bstarmc4.dta saved
file bstausc4.dta saved
file bstbhrc4.dta saved
file bstbihc4.dta saved
file bstbwac4.dta saved
file bstbgrc4.dta saved
file bsttwnc4.dta saved
file bstcolc4.dta saved
file bstcypc4.dta saved
file bstczec4.dta saved
file bstegyc4.dta saved
file bstengc4.dta saved
file bstslvc4.dta saved
file bstgeoc4.dta saved
file bstghac4.dta saved
file bsthkgc4.dta saved
file bsthunc4.dta saved
file bstidnc4.dta saved
file bstirnc4.dta saved
file bstisrc4.dta saved
file bstitac4.dta saved
file bstjpnc4.dta saved
file bstjorc4.dta saved
file bstkorc4.dta saved
file bstkwtc4.dta saved
file bstlbnc4.dta saved
file bstltuc4.dta saved
file bstmysc4.dta saved
file bstmltc4.dta saved
file bstmngc4.dta saved
file bstmarc4.dta saved
file bstnorc4.dta saved
file bstomnc4.dta saved
file bstpsec4.dta saved
file bstqatc4.dta saved
file bstromc4.dta saved
file bstrusc4.dta saved
file bstsauc4.dta saved
file bstscoc4.dta saved
file bstscgc4.dta saved
file bstsgpc4.dta saved
file bstsvnc4.dta saved
file bstswec4.dta saved
file bstsyrc4.dta saved
file bstthac4.dta saved
file bsttunc4.dta saved
file bstukrc4.dta saved
file bstusac4.dta saved
file bcgarmc5.dta saved
file bcgausc5.dta saved
file bcgbhrc5.dta saved
file bcgchlc5.dta saved
file bcgtwnc5.dta saved
file bcgengc5.dta saved
file bcgfinc5.dta saved
file bcggeoc5.dta saved
file bcgghac5.dta saved
file bcghkgc5.dta saved
file bcghunc5.dta saved
file bcgidnc5.dta saved
file bcgirnc5.dta saved
file bcgisrc5.dta saved
file bcgitac5.dta saved
file bcgjpnc5.dta saved
file bcgjorc5.dta saved
file bcgkazc5.dta saved
file bcgkorc5.dta saved
file bcglbnc5.dta saved
file bcgltuc5.dta saved
file bcgmkdc5.dta saved
file bcgmysc5.dta saved
file bcgmarc5.dta saved
file bcgnzlc5.dta saved
file bcgnorc5.dta saved
file bcgomnc5.dta saved
file bcgpsec5.dta saved
file bcgqatc5.dta saved
file bcgromc5.dta saved
file bcgrusc5.dta saved
file bcgsauc5.dta saved
file bcgsgpc5.dta saved
file bcgsvnc5.dta saved
file bcgswec5.dta saved
file bcgsyrc5.dta saved
file bcgthac5.dta saved
file bcgtunc5.dta saved
file bcgturc5.dta saved
file bcgukrc5.dta saved
file bcgarec5.dta saved
file bcgusac5.dta saved
file bsgarmc5.dta saved
file bsgausc5.dta saved
file bsgbhrc5.dta saved
file bsgchlc5.dta saved
file bsgtwnc5.dta saved
file bsgengc5.dta saved
file bsgfinc5.dta saved
file bsggeoc5.dta saved
file bsgghac5.dta saved
file bsghkgc5.dta saved
file bsghunc5.dta saved
file bsgidnc5.dta saved
file bsgirnc5.dta saved
file bsgisrc5.dta saved
file bsgitac5.dta saved
file bsgjpnc5.dta saved
file bsgjorc5.dta saved
file bsgkazc5.dta saved
file bsgkorc5.dta saved
file bsglbnc5.dta saved
file bsgltuc5.dta saved
file bsgmkdc5.dta saved
file bsgmysc5.dta saved
file bsgmarc5.dta saved
file bsgnzlc5.dta saved
file bsgnorc5.dta saved
file bsgomnc5.dta saved
file bsgpsec5.dta saved
file bsgqatc5.dta saved
file bsgromc5.dta saved
file bsgrusc5.dta saved
file bsgsauc5.dta saved
file bsgsgpc5.dta saved
file bsgsvnc5.dta saved
file bsgswec5.dta saved
file bsgsyrc5.dta saved
file bsgthac5.dta saved
file bsgtunc5.dta saved
file bsgturc5.dta saved
file bsgukrc5.dta saved
file bsgarec5.dta saved
file bsgusac5.dta saved
file btmarmc5.dta saved
file btmausc5.dta saved
file btmbhrc5.dta saved
file btmchlc5.dta saved
file btmtwnc5.dta saved
file btmengc5.dta saved
file btmfinc5.dta saved
file btmgeoc5.dta saved
file btmghac5.dta saved
file btmhkgc5.dta saved
file btmhunc5.dta saved
file btmidnc5.dta saved
file btmirnc5.dta saved
file btmisrc5.dta saved
file btmitac5.dta saved
file btmjpnc5.dta saved
file btmjorc5.dta saved
file btmkazc5.dta saved
file btmkorc5.dta saved
file btmlbnc5.dta saved
file btmltuc5.dta saved
file btmmkdc5.dta saved
file btmmysc5.dta saved
file btmmarc5.dta saved
file btmnzlc5.dta saved
file btmnorc5.dta saved
file btmomnc5.dta saved
file btmpsec5.dta saved
file btmqatc5.dta saved
file btmromc5.dta saved
file btmrusc5.dta saved
file btmsauc5.dta saved
file btmsgpc5.dta saved
file btmsvnc5.dta saved
file btmswec5.dta saved
file btmsyrc5.dta saved
file btmthac5.dta saved
file btmtunc5.dta saved
file btmturc5.dta saved
file btmukrc5.dta saved
file btmarec5.dta saved
file btmusac5.dta saved
file btsarmc5.dta saved
file btsausc5.dta saved
file btsbhrc5.dta saved
file btschlc5.dta saved
file btstwnc5.dta saved
file btsengc5.dta saved
file btsfinc5.dta saved
file btsgeoc5.dta saved
file btsghac5.dta saved
file btshkgc5.dta saved
file btshunc5.dta saved
file btsidnc5.dta saved
file btsirnc5.dta saved
file btsisrc5.dta saved
file btsitac5.dta saved
file btsjpnc5.dta saved
file btsjorc5.dta saved
file btskazc5.dta saved
file btskorc5.dta saved
file btslbnc5.dta saved
file btsltuc5.dta saved
file btsmkdc5.dta saved
file btsmysc5.dta saved
file btsmarc5.dta saved
file btsnzlc5.dta saved
file btsnorc5.dta saved
file btsomnc5.dta saved
file btspsec5.dta saved
file btsqatc5.dta saved
file btsromc5.dta saved
file btsrusc5.dta saved
file btssauc5.dta saved
file btssgpc5.dta saved
file btssvnc5.dta saved
file btsswec5.dta saved
file btssyrc5.dta saved
file btsthac5.dta saved
file btstunc5.dta saved
file btsturc5.dta saved
file btsukrc5.dta saved
file btsarec5.dta saved
file btsusac5.dta saved
file bstarmc5.dta saved
file bstausc5.dta saved
file bstbhrc5.dta saved
file bstchlc5.dta saved
file bsttwnc5.dta saved
file bstengc5.dta saved
file bstfinc5.dta saved
file bstgeoc5.dta saved
file bstghac5.dta saved
file bsthkgc5.dta saved
file bsthunc5.dta saved
file bstidnc5.dta saved
file bstirnc5.dta saved
file bstisrc5.dta saved
file bstitac5.dta saved
file bstjpnc5.dta saved
file bstjorc5.dta saved
file bstkazc5.dta saved
file bstkorc5.dta saved
file bstlbnc5.dta saved
file bstltuc5.dta saved
file bstmkdc5.dta saved
file bstmysc5.dta saved
file bstmarc5.dta saved
file bstnzlc5.dta saved
(note: file bstnorc5.dta not found)
file bstnorc5.dta saved
(note: file bstomnc5.dta not found)
file bstomnc5.dta saved
(note: file bstpsec5.dta not found)
file bstpsec5.dta saved
(note: file bstqatc5.dta not found)
file bstqatc5.dta saved
(note: file bstromc5.dta not found)
file bstromc5.dta saved
(note: file bstrusc5.dta not found)
file bstrusc5.dta saved
(note: file bstsauc5.dta not found)
file bstsauc5.dta saved
(note: file bstsgpc5.dta not found)
file bstsgpc5.dta saved
(note: file bstsvnc5.dta not found)
file bstsvnc5.dta saved
(note: file bstswec5.dta not found)
file bstswec5.dta saved
(note: file bstsyrc5.dta not found)
file bstsyrc5.dta saved
(note: file bstthac5.dta not found)
file bstthac5.dta saved
(note: file bsttunc5.dta not found)
file bsttunc5.dta saved
(note: file bstturc5.dta not found)
file bstturc5.dta saved
(note: file bstukrc5.dta not found)
file bstukrc5.dta saved
(note: file bstarec5.dta not found)
file bstarec5.dta saved
(note: file bstusac5.dta not found)
file bstusac5.dta saved
(note: file bcgausc6.dta not found)
file bcgausc6.dta saved
(note: file bcgbhrc6.dta not found)
file bcgbhrc6.dta saved
(note: file bcgbwac6.dta not found)
file bcgbwac6.dta saved
(note: file bcgcanc6.dta not found)
file bcgcanc6.dta saved
(note: file bcgchlc6.dta not found)
file bcgchlc6.dta saved
(note: file bcgtwnc6.dta not found)
file bcgtwnc6.dta saved
(note: file bcgegyc6.dta not found)
file bcgegyc6.dta saved
(note: file bcgengc6.dta not found)
file bcgengc6.dta saved
(note: file bcggeoc6.dta not found)
file bcggeoc6.dta saved
(note: file bcghkgc6.dta not found)
file bcghkgc6.dta saved
(note: file bcghunc6.dta not found)
file bcghunc6.dta saved
(note: file bcgirnc6.dta not found)
file bcgirnc6.dta saved
(note: file bcgirlc6.dta not found)
file bcgirlc6.dta saved
(note: file bcgisrc6.dta not found)
file bcgisrc6.dta saved
(note: file bcgitac6.dta not found)
file bcgitac6.dta saved
(note: file bcgjpnc6.dta not found)
file bcgjpnc6.dta saved
(note: file bcgjorc6.dta not found)
file bcgjorc6.dta saved
(note: file bcgkazc6.dta not found)
file bcgkazc6.dta saved
(note: file bcgkorc6.dta not found)
file bcgkorc6.dta saved
(note: file bcgkwtc6.dta not found)
file bcgkwtc6.dta saved
(note: file bcglbnc6.dta not found)
file bcglbnc6.dta saved
(note: file bcgltuc6.dta not found)
file bcgltuc6.dta saved
(note: file bcgmysc6.dta not found)
file bcgmysc6.dta saved
(note: file bcgmltc6.dta not found)
file bcgmltc6.dta saved
(note: file bcgmarc6.dta not found)
file bcgmarc6.dta saved
(note: file bcgnzlc6.dta not found)
file bcgnzlc6.dta saved
(note: file bcgnorc6.dta not found)
file bcgnorc6.dta saved
(note: file bcgomnc6.dta not found)
file bcgomnc6.dta saved
(note: file bcgqatc6.dta not found)
file bcgqatc6.dta saved
(note: file bcgrusc6.dta not found)
file bcgrusc6.dta saved
(note: file bcgsauc6.dta not found)
file bcgsauc6.dta saved
(note: file bcgsgpc6.dta not found)
file bcgsgpc6.dta saved
(note: file bcgsvnc6.dta not found)
file bcgsvnc6.dta saved
(note: file bcgzafc6.dta not found)
file bcgzafc6.dta saved
(note: file bcgswec6.dta not found)
file bcgswec6.dta saved
(note: file bcgthac6.dta not found)
file bcgthac6.dta saved
(note: file bcgturc6.dta not found)
file bcgturc6.dta saved
(note: file bcgarec6.dta not found)
file bcgarec6.dta saved
(note: file bcgusac6.dta not found)
file bcgusac6.dta saved
(note: file bsgausc6.dta not found)
file bsgausc6.dta saved
(note: file bsgbhrc6.dta not found)
file bsgbhrc6.dta saved
(note: file bsgbwac6.dta not found)
file bsgbwac6.dta saved
(note: file bsgcanc6.dta not found)
file bsgcanc6.dta saved
(note: file bsgchlc6.dta not found)
file bsgchlc6.dta saved
(note: file bsgtwnc6.dta not found)
file bsgtwnc6.dta saved
(note: file bsgegyc6.dta not found)
file bsgegyc6.dta saved
(note: file bsgengc6.dta not found)
file bsgengc6.dta saved
(note: file bsggeoc6.dta not found)
file bsggeoc6.dta saved
(note: file bsghkgc6.dta not found)
file bsghkgc6.dta saved
(note: file bsghunc6.dta not found)
file bsghunc6.dta saved
(note: file bsgirnc6.dta not found)
file bsgirnc6.dta saved
(note: file bsgirlc6.dta not found)
file bsgirlc6.dta saved
(note: file bsgisrc6.dta not found)
file bsgisrc6.dta saved
(note: file bsgitac6.dta not found)
file bsgitac6.dta saved
(note: file bsgjpnc6.dta not found)
file bsgjpnc6.dta saved
(note: file bsgjorc6.dta not found)
file bsgjorc6.dta saved
(note: file bsgkazc6.dta not found)
file bsgkazc6.dta saved
(note: file bsgkorc6.dta not found)
file bsgkorc6.dta saved
(note: file bsgkwtc6.dta not found)
file bsgkwtc6.dta saved
(note: file bsglbnc6.dta not found)
file bsglbnc6.dta saved
(note: file bsgltuc6.dta not found)
file bsgltuc6.dta saved
(note: file bsgmysc6.dta not found)
file bsgmysc6.dta saved
(note: file bsgmltc6.dta not found)
file bsgmltc6.dta saved
(note: file bsgmarc6.dta not found)
file bsgmarc6.dta saved
(note: file bsgnzlc6.dta not found)
file bsgnzlc6.dta saved
(note: file bsgnorc6.dta not found)
file bsgnorc6.dta saved
(note: file bsgomnc6.dta not found)
file bsgomnc6.dta saved
(note: file bsgqatc6.dta not found)
file bsgqatc6.dta saved
(note: file bsgrusc6.dta not found)
file bsgrusc6.dta saved
(note: file bsgsauc6.dta not found)
file bsgsauc6.dta saved
(note: file bsgsgpc6.dta not found)
file bsgsgpc6.dta saved
(note: file bsgsvnc6.dta not found)
file bsgsvnc6.dta saved
(note: file bsgzafc6.dta not found)
file bsgzafc6.dta saved
(note: file bsgswec6.dta not found)
file bsgswec6.dta saved
(note: file bsgthac6.dta not found)
file bsgthac6.dta saved
(note: file bsgturc6.dta not found)
file bsgturc6.dta saved
(note: file bsgarec6.dta not found)
file bsgarec6.dta saved
(note: file bsgusac6.dta not found)
file bsgusac6.dta saved
(note: file btmausc6.dta not found)
file btmausc6.dta saved
(note: file btmbhrc6.dta not found)
file btmbhrc6.dta saved
(note: file btmbwac6.dta not found)
file btmbwac6.dta saved
(note: file btmcanc6.dta not found)
file btmcanc6.dta saved
(note: file btmchlc6.dta not found)
file btmchlc6.dta saved
(note: file btmtwnc6.dta not found)
file btmtwnc6.dta saved
(note: file btmegyc6.dta not found)
file btmegyc6.dta saved
(note: file btmengc6.dta not found)
file btmengc6.dta saved
(note: file btmgeoc6.dta not found)
file btmgeoc6.dta saved
(note: file btmhkgc6.dta not found)
file btmhkgc6.dta saved
(note: file btmhunc6.dta not found)
file btmhunc6.dta saved
(note: file btmirnc6.dta not found)
file btmirnc6.dta saved
(note: file btmirlc6.dta not found)
file btmirlc6.dta saved
(note: file btmisrc6.dta not found)
file btmisrc6.dta saved
(note: file btmitac6.dta not found)
file btmitac6.dta saved
(note: file btmjpnc6.dta not found)
file btmjpnc6.dta saved
(note: file btmjorc6.dta not found)
file btmjorc6.dta saved
(note: file btmkazc6.dta not found)
file btmkazc6.dta saved
(note: file btmkorc6.dta not found)
file btmkorc6.dta saved
(note: file btmkwtc6.dta not found)
file btmkwtc6.dta saved
(note: file btmlbnc6.dta not found)
file btmlbnc6.dta saved
(note: file btmltuc6.dta not found)
file btmltuc6.dta saved
(note: file btmmysc6.dta not found)
file btmmysc6.dta saved
(note: file btmmltc6.dta not found)
file btmmltc6.dta saved
(note: file btmmarc6.dta not found)
file btmmarc6.dta saved
(note: file btmnzlc6.dta not found)
file btmnzlc6.dta saved
(note: file btmnorc6.dta not found)
file btmnorc6.dta saved
(note: file btmomnc6.dta not found)
file btmomnc6.dta saved
(note: file btmqatc6.dta not found)
file btmqatc6.dta saved
(note: file btmrusc6.dta not found)
file btmrusc6.dta saved
(note: file btmsauc6.dta not found)
file btmsauc6.dta saved
(note: file btmsgpc6.dta not found)
file btmsgpc6.dta saved
(note: file btmsvnc6.dta not found)
file btmsvnc6.dta saved
(note: file btmzafc6.dta not found)
file btmzafc6.dta saved
(note: file btmswec6.dta not found)
file btmswec6.dta saved
(note: file btmthac6.dta not found)
file btmthac6.dta saved
(note: file btmturc6.dta not found)
file btmturc6.dta saved
(note: file btmarec6.dta not found)
file btmarec6.dta saved
(note: file btmusac6.dta not found)
file btmusac6.dta saved
(note: file btsausc6.dta not found)
file btsausc6.dta saved
(note: file btsbhrc6.dta not found)
file btsbhrc6.dta saved
(note: file btsbwac6.dta not found)
file btsbwac6.dta saved
(note: file btscanc6.dta not found)
file btscanc6.dta saved
(note: file btschlc6.dta not found)
file btschlc6.dta saved
(note: file btstwnc6.dta not found)
file btstwnc6.dta saved
(note: file btsegyc6.dta not found)
file btsegyc6.dta saved
(note: file btsengc6.dta not found)
file btsengc6.dta saved
(note: file btsgeoc6.dta not found)
file btsgeoc6.dta saved
(note: file btshkgc6.dta not found)
file btshkgc6.dta saved
(note: file btshunc6.dta not found)
file btshunc6.dta saved
(note: file btsirnc6.dta not found)
file btsirnc6.dta saved
(note: file btsirlc6.dta not found)
file btsirlc6.dta saved
(note: file btsisrc6.dta not found)
file btsisrc6.dta saved
(note: file btsitac6.dta not found)
file btsitac6.dta saved
(note: file btsjpnc6.dta not found)
file btsjpnc6.dta saved
(note: file btsjorc6.dta not found)
file btsjorc6.dta saved
(note: file btskazc6.dta not found)
file btskazc6.dta saved
(note: file btskorc6.dta not found)
file btskorc6.dta saved
(note: file btskwtc6.dta not found)
file btskwtc6.dta saved
(note: file btslbnc6.dta not found)
file btslbnc6.dta saved
(note: file btsltuc6.dta not found)
file btsltuc6.dta saved
(note: file btsmysc6.dta not found)
file btsmysc6.dta saved
(note: file btsmltc6.dta not found)
file btsmltc6.dta saved
(note: file btsmarc6.dta not found)
file btsmarc6.dta saved
(note: file btsnzlc6.dta not found)
file btsnzlc6.dta saved
(note: file btsnorc6.dta not found)
file btsnorc6.dta saved
(note: file btsomnc6.dta not found)
file btsomnc6.dta saved
(note: file btsqatc6.dta not found)
file btsqatc6.dta saved
(note: file btsrusc6.dta not found)
file btsrusc6.dta saved
(note: file btssauc6.dta not found)
file btssauc6.dta saved
(note: file btssgpc6.dta not found)
file btssgpc6.dta saved
(note: file btssvnc6.dta not found)
file btssvnc6.dta saved
(note: file btszafc6.dta not found)
file btszafc6.dta saved
(note: file btsswec6.dta not found)
file btsswec6.dta saved
(note: file btsthac6.dta not found)
file btsthac6.dta saved
(note: file btsturc6.dta not found)
file btsturc6.dta saved
(note: file btsarec6.dta not found)
file btsarec6.dta saved
(note: file btsusac6.dta not found)
file btsusac6.dta saved
(note: file bstausc6.dta not found)
file bstausc6.dta saved
(note: file bstbhrc6.dta not found)
file bstbhrc6.dta saved
(note: file bstbwac6.dta not found)
file bstbwac6.dta saved
(note: file bstcanc6.dta not found)
file bstcanc6.dta saved
(note: file bstchlc6.dta not found)
file bstchlc6.dta saved
(note: file bsttwnc6.dta not found)
file bsttwnc6.dta saved
(note: file bstegyc6.dta not found)
file bstegyc6.dta saved
(note: file bstengc6.dta not found)
file bstengc6.dta saved
(note: file bstgeoc6.dta not found)
file bstgeoc6.dta saved
(note: file bsthkgc6.dta not found)
file bsthkgc6.dta saved
(note: file bsthunc6.dta not found)
file bsthunc6.dta saved
(note: file bstirnc6.dta not found)
file bstirnc6.dta saved
(note: file bstirlc6.dta not found)
file bstirlc6.dta saved
(note: file bstisrc6.dta not found)
file bstisrc6.dta saved
(note: file bstitac6.dta not found)
file bstitac6.dta saved
(note: file bstjpnc6.dta not found)
file bstjpnc6.dta saved
(note: file bstjorc6.dta not found)
file bstjorc6.dta saved
(note: file bstkazc6.dta not found)
file bstkazc6.dta saved
(note: file bstkorc6.dta not found)
file bstkorc6.dta saved
(note: file bstkwtc6.dta not found)
file bstkwtc6.dta saved
(note: file bstlbnc6.dta not found)
file bstlbnc6.dta saved
(note: file bstltuc6.dta not found)
file bstltuc6.dta saved
(note: file bstmysc6.dta not found)
file bstmysc6.dta saved
(note: file bstmltc6.dta not found)
file bstmltc6.dta saved
(note: file bstmarc6.dta not found)
file bstmarc6.dta saved
(note: file bstnzlc6.dta not found)
file bstnzlc6.dta saved
(note: file bstnorc6.dta not found)
file bstnorc6.dta saved
(note: file bstomnc6.dta not found)
file bstomnc6.dta saved
(note: file bstqatc6.dta not found)
file bstqatc6.dta saved
(note: file bstrusc6.dta not found)
file bstrusc6.dta saved
(note: file bstsauc6.dta not found)
file bstsauc6.dta saved
(note: file bstsgpc6.dta not found)
file bstsgpc6.dta saved
(note: file bstsvnc6.dta not found)
file bstsvnc6.dta saved
(note: file bstzafc6.dta not found)
file bstzafc6.dta saved
(note: file bstswec6.dta not found)
file bstswec6.dta saved
(note: file bstthac6.dta not found)
file bstthac6.dta saved
(note: file bstturc6.dta not found)
file bstturc6.dta saved
(note: file bstarec6.dta not found)
file bstarec6.dta saved
(note: file bstusac6.dta not found)
file bstusac6.dta saved

. 
end of do-file
